# JRE version: OpenJDK Runtime Environment Corretto-17.0.7.7.1 (17.0.7+7) (build 17.0.7+7-LTS)
# Java VM: OpenJDK 64-Bit Server VM Corretto-17.0.7.7.1 (17.0.7+7-LTS, mixed mode, sharing, tiered, compressed oops, compressed class ptrs, g1 gc, windows-amd64)
GC Precious Log:
 CPUs: 4 total, 4 available
 Memory: 3537M
 Large Page Support: Disabled
 NUMA Support: Disabled
 Compressed Oops: Enabled (32-bit)
 Heap Region Size: 1M
 Heap Min Capacity: 8M
 Heap Initial Capacity: 56M
 Heap Max Capacity: 886M
 Pre-touch: Disabled
 Parallel Workers: 4
 Concurrent Workers: 1
 Concurrent Refinement Workers: 4
 Periodic GC: Disabled
Heap:
 garbage-first heap   total 57344K, used 29879K [0x00000000c8a00000, 0x0000000100000000)
  region size 1024K, 25 young (25600K), 4 survivors (4096K)
 Metaspace       used 19223K, committed 19456K, reserved 1114112K
  class space    used 2439K, committed 2560K, reserved 1048576K
GC Heap History (8 events):
Event: 4.553 GC heap before
{Heap before GC invocations=0 (full 0):
 garbage-first heap   total 57344K, used 13312K [0x00000000c8a00000, 0x0000000100000000)
  region size 1024K, 13 young (13312K), 0 survivors (0K)
 Metaspace       used 3355K, committed 3584K, reserved 1114112K
  class space    used 354K, committed 448K, reserved 1048576K
}
Event: 4.574 GC heap after
{Heap after GC invocations=1 (full 0):
 garbage-first heap   total 57344K, used 6230K [0x00000000c8a00000, 0x0000000100000000)
  region size 1024K, 2 young (2048K), 2 survivors (2048K)
 Metaspace       used 3355K, committed 3584K, reserved 1114112K
  class space    used 354K, committed 448K, reserved 1048576K
}
Event: 7.780 GC heap before
{Heap before GC invocations=1 (full 0):
 garbage-first heap   total 57344K, used 17494K [0x00000000c8a00000, 0x0000000100000000)
  region size 1024K, 13 young (13312K), 2 survivors (2048K)
 Metaspace       used 5875K, committed 6016K, reserved 1114112K
  class space    used 685K, committed 768K, reserved 1048576K
}
Event: 7.792 GC heap after
{Heap after GC invocations=2 (full 0):
 garbage-first heap   total 57344K, used 6873K [0x00000000c8a00000, 0x0000000100000000)
  region size 1024K, 1 young (1024K), 1 survivors (1024K)
 Metaspace       used 5875K, committed 6016K, reserved 1114112K
  class space    used 685K, committed 768K, reserved 1048576K
}
Event: 11.247 GC heap before
{Heap before GC invocations=2 (full 0):
 garbage-first heap   total 57344K, used 25305K [0x00000000c8a00000, 0x0000000100000000)
  region size 1024K, 19 young (19456K), 1 survivors (1024K)
 Metaspace       used 10019K, committed 10240K, reserved 1114112K
  class space    used 1267K, committed 1408K, reserved 1048576K
}
Event: 11.258 GC heap after
{Heap after GC invocations=3 (full 0):
 garbage-first heap   total 57344K, used 8023K [0x00000000c8a00000, 0x0000000100000000)
  region size 1024K, 2 young (2048K), 2 survivors (2048K)
 Metaspace       used 10019K, committed 10240K, reserved 1114112K
  class space    used 1267K, committed 1408K, reserved 1048576K
}
Event: 14.739 GC heap before
{Heap before GC invocations=3 (full 0):
 garbage-first heap   total 57344K, used 35671K [0x00000000c8a00000, 0x0000000100000000)
  region size 1024K, 30 young (30720K), 2 survivors (2048K)
 Metaspace       used 16119K, committed 16320K, reserved 1114112K
  class space    used 2054K, committed 2112K, reserved 1048576K
}
Event: 14.757 GC heap after
{Heap after GC invocations=4 (full 0):
 garbage-first heap   total 57344K, used 10423K [0x00000000c8a00000, 0x0000000100000000)
  region size 1024K, 4 young (4096K), 4 survivors (4096K)
 Metaspace       used 16119K, committed 16320K, reserved 1114112K
  class space    used 2054K, committed 2112K, reserved 1048576K
}

