# JRE version: OpenJDK Runtime Environment Corretto-17.0.7.7.1 (17.0.7+7) (build 17.0.7+7-LTS)
# Java VM: OpenJDK 64-Bit Server VM Corretto-17.0.7.7.1 (17.0.7+7-LTS, mixed mode, sharing, tiered, compressed oops, compressed class ptrs, g1 gc, windows-amd64)
GC Precious Log:
 CPUs: 4 total, 4 available
 Memory: 3537M
 Large Page Support: Disabled
 NUMA Support: Disabled
 Compressed Oops: Enabled (32-bit)
 Heap Region Size: 1M
 Heap Min Capacity: 8M
 Heap Initial Capacity: 56M
 Heap Max Capacity: 886M
 Pre-touch: Disabled
 Parallel Workers: 4
 Concurrent Workers: 1
 Concurrent Refinement Workers: 4
 Periodic GC: Disabled
Heap:
 garbage-first heap   total 53248K, used 37529K [0x00000000c8a00000, 0x0000000100000000)
  region size 1024K, 11 young (11264K), 2 survivors (2048K)
 Metaspace       used 66332K, committed 66880K, reserved 1114112K
  class space    used 9000K, committed 9280K, reserved 1048576K
GC Heap History (20 events):
Event: 20.050 GC heap before
{Heap before GC invocations=9 (full 0):
 garbage-first heap   total 51200K, used 36073K [0x00000000c8a00000, 0x0000000100000000)
  region size 1024K, 22 young (22528K), 3 survivors (3072K)
 Metaspace       used 32780K, committed 33216K, reserved 1114112K
  class space    used 4253K, committed 4480K, reserved 1048576K
}
Event: 20.059 GC heap after
{Heap after GC invocations=10 (full 0):
 garbage-first heap   total 51200K, used 19223K [0x00000000c8a00000, 0x0000000100000000)
  region size 1024K, 2 young (2048K), 2 survivors (2048K)
 Metaspace       used 32780K, committed 33216K, reserved 1114112K
  class space    used 4253K, committed 4480K, reserved 1048576K
}
Event: 21.346 GC heap before
{Heap before GC invocations=10 (full 0):
 garbage-first heap   total 51200K, used 30487K [0x00000000c8a00000, 0x0000000100000000)
  region size 1024K, 14 young (14336K), 2 survivors (2048K)
 Metaspace       used 35687K, committed 36096K, reserved 1114112K
  class space    used 4715K, committed 4928K, reserved 1048576K
}
Event: 21.352 GC heap after
{Heap after GC invocations=11 (full 0):
 garbage-first heap   total 51200K, used 19485K [0x00000000c8a00000, 0x0000000100000000)
  region size 1024K, 2 young (2048K), 2 survivors (2048K)
 Metaspace       used 35687K, committed 36096K, reserved 1114112K
  class space    used 4715K, committed 4928K, reserved 1048576K
}
Event: 24.056 GC heap before
{Heap before GC invocations=12 (full 0):
 garbage-first heap   total 51200K, used 38941K [0x00000000c8a00000, 0x0000000100000000)
  region size 1024K, 21 young (21504K), 2 survivors (2048K)
 Metaspace       used 44331K, committed 44800K, reserved 1114112K
  class space    used 5790K, committed 6016K, reserved 1048576K
}
Event: 24.066 GC heap after
{Heap after GC invocations=13 (full 0):
 garbage-first heap   total 51200K, used 22002K [0x00000000c8a00000, 0x0000000100000000)
  region size 1024K, 3 young (3072K), 3 survivors (3072K)
 Metaspace       used 44331K, committed 44800K, reserved 1114112K
  class space    used 5790K, committed 6016K, reserved 1048576K
}
Event: 25.395 GC heap before
{Heap before GC invocations=13 (full 0):
 garbage-first heap   total 51200K, used 37362K [0x00000000c8a00000, 0x0000000100000000)
  region size 1024K, 19 young (19456K), 3 survivors (3072K)
 Metaspace       used 47881K, committed 48320K, reserved 1114112K
  class space    used 6240K, committed 6464K, reserved 1048576K
}
Event: 25.408 GC heap after
{Heap after GC invocations=14 (full 0):
 garbage-first heap   total 51200K, used 22697K [0x00000000c8a00000, 0x0000000100000000)
  region size 1024K, 1 young (1024K), 1 survivors (1024K)
 Metaspace       used 47881K, committed 48320K, reserved 1114112K
  class space    used 6240K, committed 6464K, reserved 1048576K
}
Event: 27.128 GC heap before
{Heap before GC invocations=14 (full 0):
 garbage-first heap   total 51200K, used 39081K [0x00000000c8a00000, 0x0000000100000000)
  region size 1024K, 18 young (18432K), 1 survivors (1024K)
 Metaspace       used 52963K, committed 53440K, reserved 1114112K
  class space    used 7103K, committed 7360K, reserved 1048576K
}
Event: 27.135 GC heap after
{Heap after GC invocations=15 (full 0):
 garbage-first heap   total 51200K, used 23444K [0x00000000c8a00000, 0x0000000100000000)
  region size 1024K, 2 young (2048K), 2 survivors (2048K)
 Metaspace       used 52963K, committed 53440K, reserved 1114112K
  class space    used 7103K, committed 7360K, reserved 1048576K
}
Event: 28.802 GC heap before
{Heap before GC invocations=15 (full 0):
 garbage-first heap   total 51200K, used 39828K [0x00000000c8a00000, 0x0000000100000000)
  region size 1024K, 19 young (19456K), 2 survivors (2048K)
 Metaspace       used 57160K, committed 57600K, reserved 1114112K
  class space    used 7768K, committed 8000K, reserved 1048576K
}
Event: 28.810 GC heap after
{Heap after GC invocations=16 (full 0):
 garbage-first heap   total 51200K, used 24106K [0x00000000c8a00000, 0x0000000100000000)
  region size 1024K, 2 young (2048K), 2 survivors (2048K)
 Metaspace       used 57160K, committed 57600K, reserved 1114112K
  class space    used 7768K, committed 8000K, reserved 1048576K
}
Event: 30.016 GC heap before
{Heap before GC invocations=16 (full 0):
 garbage-first heap   total 51200K, used 40490K [0x00000000c8a00000, 0x0000000100000000)
  region size 1024K, 18 young (18432K), 2 survivors (2048K)
 Metaspace       used 59653K, committed 60160K, reserved 1114112K
  class space    used 8076K, committed 8320K, reserved 1048576K
}
Event: 30.023 GC heap after
{Heap after GC invocations=17 (full 0):
 garbage-first heap   total 51200K, used 25298K [0x00000000c8a00000, 0x0000000100000000)
  region size 1024K, 3 young (3072K), 3 survivors (3072K)
 Metaspace       used 59653K, committed 60160K, reserved 1114112K
  class space    used 8076K, committed 8320K, reserved 1048576K
}
Event: 31.206 GC heap before
{Heap before GC invocations=18 (full 0):
 garbage-first heap   total 51200K, used 40658K [0x00000000c8a00000, 0x0000000100000000)
  region size 1024K, 18 young (18432K), 3 survivors (3072K)
 Metaspace       used 61140K, committed 61632K, reserved 1114112K
  class space    used 8328K, committed 8576K, reserved 1048576K
}
Event: 31.215 GC heap after
{Heap after GC invocations=19 (full 0):
 garbage-first heap   total 51200K, used 26483K [0x00000000c8a00000, 0x0000000100000000)
  region size 1024K, 3 young (3072K), 3 survivors (3072K)
 Metaspace       used 61140K, committed 61632K, reserved 1114112K
  class space    used 8328K, committed 8576K, reserved 1048576K
}
Event: 32.387 GC heap before
{Heap before GC invocations=19 (full 0):
 garbage-first heap   total 51200K, used 40819K [0x00000000c8a00000, 0x0000000100000000)
  region size 1024K, 17 young (17408K), 3 survivors (3072K)
 Metaspace       used 63217K, committed 63680K, reserved 1114112K
  class space    used 8626K, committed 8832K, reserved 1048576K
}
Event: 32.399 GC heap after
{Heap after GC invocations=20 (full 0):
 garbage-first heap   total 51200K, used 27826K [0x00000000c8a00000, 0x0000000100000000)
  region size 1024K, 3 young (3072K), 3 survivors (3072K)
 Metaspace       used 63217K, committed 63680K, reserved 1114112K
  class space    used 8626K, committed 8832K, reserved 1048576K
}
Event: 33.426 GC heap before
{Heap before GC invocations=21 (full 0):
 garbage-first heap   total 53248K, used 40114K [0x00000000c8a00000, 0x0000000100000000)
  region size 1024K, 15 young (15360K), 3 survivors (3072K)
 Metaspace       used 64789K, committed 65280K, reserved 1114112K
  class space    used 8815K, committed 9024K, reserved 1048576K
}
Event: 33.436 GC heap after
{Heap after GC invocations=22 (full 0):
 garbage-first heap   total 53248K, used 29337K [0x00000000c8a00000, 0x0000000100000000)
  region size 1024K, 2 young (2048K), 2 survivors (2048K)
 Metaspace       used 64789K, committed 65280K, reserved 1114112K
  class space    used 8815K, committed 9024K, reserved 1048576K
}

